[debug] [2021-11-15T10:02:21.893Z] ----------------------------------------------------------------------
[debug] [2021-11-15T10:02:21.894Z] Command:       /usr/local/bin/node /usr/local/bin/firebase deploy
[debug] [2021-11-15T10:02:21.895Z] CLI Version:   9.22.0
[debug] [2021-11-15T10:02:21.895Z] Platform:      linux
[debug] [2021-11-15T10:02:21.895Z] Node Version:  v14.18.0
[debug] [2021-11-15T10:02:21.895Z] Time:          Mon Nov 15 2021 12:02:21 GMT+0200 (South Africa Standard Time)
[debug] [2021-11-15T10:02:21.895Z] ----------------------------------------------------------------------
[debug] 
[debug] [2021-11-15T10:02:21.896Z] >>> [apiv2][query] GET https://firebase-public.firebaseio.com/cli.json [none]
[debug] [2021-11-15T10:02:21.947Z] > command requires scopes: ["email","openid","https://www.googleapis.com/auth/cloudplatformprojects.readonly","https://www.googleapis.com/auth/firebase","https://www.googleapis.com/auth/cloud-platform"]
[debug] [2021-11-15T10:02:21.947Z] > authorizing via signed-in user (thinusplanb97@gmail.com)
[debug] [2021-11-15T10:02:21.947Z] [iam] checking project thinus-portfolio for permissions ["firebase.projects.get","firebasehosting.sites.update"]
[debug] [2021-11-15T10:02:21.948Z] > refreshing access token with scopes: ["email","https://www.googleapis.com/auth/cloud-platform","https://www.googleapis.com/auth/cloudplatformprojects.readonly","https://www.googleapis.com/auth/firebase","openid"]
[debug] [2021-11-15T10:02:21.948Z] >>> HTTP REQUEST POST https://www.googleapis.com/oauth2/v3/token  
 <request body omitted>
[debug] [2021-11-15T10:02:22.611Z] <<< HTTP RESPONSE 200 {"date":"Mon, 15 Nov 2021 10:02:22 GMT","pragma":"no-cache","expires":"Mon, 01 Jan 1990 00:00:00 GMT","cache-control":"no-cache, no-store, max-age=0, must-revalidate","content-type":"application/json; charset=utf-8","vary":"X-Origin, Referer, Origin,Accept-Encoding","server":"scaffolding on HTTPServer2","x-xss-protection":"0","x-frame-options":"SAMEORIGIN","x-content-type-options":"nosniff","alt-svc":"clear","accept-ranges":"none","transfer-encoding":"chunked"}
[debug] [2021-11-15T10:02:22.618Z] >>> HTTP REQUEST POST https://cloudresourcemanager.googleapis.com/v1/projects/thinus-portfolio:testIamPermissions  
 {"permissions":["firebase.projects.get","firebasehosting.sites.update"]}
[debug] [2021-11-15T10:02:23.239Z] <<< [apiv2][status] GET https://firebase-public.firebaseio.com/cli.json 200
[debug] [2021-11-15T10:02:23.240Z] <<< [apiv2][body] GET https://firebase-public.firebaseio.com/cli.json {"cloudBuildErrorAfter":1594252800000,"cloudBuildWarnAfter":1590019200000,"defaultNode10After":1594252800000,"minVersion":"3.0.5","node8DeploysDisabledAfter":1613390400000,"node8RuntimeDisabledAfter":1615809600000,"node8WarnAfter":1600128000000}
